{
  "RSpec": {
    "coverage": {
      "/Users/paulleonard/mod1_repeat/3project/futbol/lib/game.rb": {
        "lines": [
          1,
          1,
          null,
          null,
          null,
          null,
          null,
          null,
          null,
          null,
          null,
          null,
          null,
          1,
          2482,
          2482,
          2482,
          2482,
          2482,
          2482,
          2482,
          2482,
          2482,
          2482,
          null,
          null
        ]
      },
      "/Users/paulleonard/mod1_repeat/3project/futbol/spec/game_stats_spec.rb": {
        "lines": [
          1,
          1,
          1,
          null,
          1,
          null,
          12,
          null,
          1,
          1,
          null,
          null,
          1,
          1,
          null,
          null,
          1,
          1,
          null,
          null,
          1,
          1,
          null,
          null,
          null,
          1,
          1,
          null,
          null,
          1,
          1,
          null,
          null,
          1,
          1,
          null,
          null,
          1,
          1,
          null,
          null,
          1,
          1,
          null,
          null,
          1,
          1,
          1,
          null,
          null,
          1,
          1,
          null,
          null
        ]
      },
      "/Users/paulleonard/mod1_repeat/3project/futbol/lib/game_stats.rb": {
        "lines": [
          1,
          1,
          null,
          1,
          1,
          null,
          1,
          12,
          null,
          null,
          1,
          12,
          12,
          876,
          null,
          null,
          null,
          1,
          1,
          73,
          null,
          null,
          null,
          1,
          1,
          73,
          null,
          null,
          null,
          1,
          1,
          1,
          73,
          null,
          null,
          null,
          1,
          1,
          73,
          37,
          null,
          null,
          1,
          null,
          null,
          1,
          1,
          1,
          73,
          null,
          null,
          1,
          1,
          73,
          32,
          null,
          null,
          1,
          null,
          null,
          1,
          1,
          1,
          73,
          null,
          null,
          1,
          1,
          73,
          4,
          null,
          null,
          1,
          null,
          null,
          1,
          1,
          73,
          null,
          1,
          74,
          1,
          null,
          null,
          1,
          1,
          1,
          73,
          null,
          1,
          null,
          null,
          1,
          75,
          75,
          75,
          5475,
          1291,
          1291,
          null,
          null,
          75,
          null,
          null,
          1,
          1,
          73,
          null,
          1,
          74,
          1,
          null,
          null
        ]
      },
      "/Users/paulleonard/mod1_repeat/3project/futbol/spec/league_stats_spec.rb": {
        "lines": [
          1,
          1,
          1,
          null,
          1,
          21,
          null,
          1,
          1,
          null,
          null,
          1,
          1,
          null,
          null,
          1,
          1,
          null,
          null,
          1,
          1,
          null,
          null,
          1,
          1,
          null,
          null,
          1,
          1,
          null,
          null,
          1,
          1,
          null,
          null,
          1,
          1,
          null,
          null,
          1,
          1,
          null,
          null,
          1,
          1,
          null,
          null,
          1,
          1,
          null,
          null,
          1,
          1,
          1,
          null,
          null,
          1,
          1,
          1,
          null,
          null,
          1,
          1,
          null,
          null,
          1,
          1,
          null,
          null,
          1,
          1,
          null,
          null,
          1,
          1,
          null,
          null,
          1,
          1,
          null,
          null,
          1,
          1,
          null,
          null,
          1,
          1,
          null,
          null
        ]
      },
      "/Users/paulleonard/mod1_repeat/3project/futbol/lib/league_stats.rb": {
        "lines": [
          null,
          1,
          1,
          1,
          null,
          null,
          1,
          null,
          1,
          null,
          null,
          1,
          21,
          21,
          21,
          null,
          null,
          1,
          21,
          21,
          1974,
          null,
          null,
          null,
          1,
          21,
          21,
          672,
          null,
          null,
          null,
          1,
          21,
          21,
          1533,
          null,
          null,
          null,
          1,
          1,
          null,
          null,
          1,
          9,
          112,
          9,
          null,
          null,
          null,
          null,
          1,
          189,
          189,
          17766,
          1828,
          null,
          null,
          189,
          null,
          null,
          1,
          189,
          189,
          17766,
          1828,
          null,
          null,
          189,
          null,
          null,
          1,
          1,
          94,
          94,
          null,
          null,
          1,
          null,
          null,
          1,
          1,
          94,
          94,
          null,
          null,
          1,
          null,
          null,
          1,
          14,
          14,
          1022,
          55,
          null,
          null,
          14,
          null,
          null,
          1,
          29,
          29,
          2117,
          106,
          null,
          null,
          29,
          null,
          null,
          1,
          1,
          1,
          73,
          4,
          null,
          null,
          1,
          null,
          null,
          1,
          1,
          1,
          73,
          4,
          null,
          null,
          1,
          null,
          null,
          1,
          5,
          470,
          null,
          null,
          null,
          1,
          6,
          564,
          null,
          null,
          null,
          1,
          1,
          15,
          2,
          null,
          13,
          13,
          null,
          null,
          null,
          0,
          null,
          null,
          1,
          2,
          94,
          94,
          null,
          null,
          2,
          null,
          null,
          1,
          2,
          94,
          94,
          null,
          2,
          null,
          null,
          1,
          2,
          94,
          94,
          null,
          2,
          null,
          null
        ]
      },
      "/Users/paulleonard/mod1_repeat/3project/futbol/lib/team.rb": {
        "lines": [
          1,
          1,
          null,
          1,
          null,
          1,
          null,
          null,
          null,
          null,
          null,
          null,
          null,
          null,
          null,
          null,
          null,
          null,
          null,
          null,
          null,
          1,
          2068,
          2068,
          2068,
          2068,
          2068,
          2068,
          2068,
          2068,
          2068,
          2068,
          2068,
          2068,
          2068,
          2068,
          2068,
          null,
          null
        ]
      },
      "/Users/paulleonard/mod1_repeat/3project/futbol/lib/stat_tracker.rb": {
        "lines": [
          1,
          1,
          1,
          1,
          1,
          1,
          null,
          null,
          1,
          null,
          1,
          1,
          1,
          null,
          null,
          null,
          null,
          1,
          0,
          null,
          null,
          1,
          0,
          null,
          null,
          1,
          0,
          null,
          null,
          1,
          0,
          null,
          null,
          1,
          0,
          null,
          null,
          1,
          0,
          null,
          null,
          1,
          0,
          null,
          null,
          1,
          0,
          null,
          null,
          1,
          0,
          null,
          null,
          1,
          0,
          null,
          null,
          1,
          0,
          null,
          null,
          1,
          0,
          null,
          null,
          1,
          0,
          null,
          null,
          1,
          0,
          null,
          null,
          null,
          null,
          1,
          0,
          null,
          0,
          0,
          null,
          0,
          null,
          null,
          1,
          1,
          1,
          1,
          1,
          null,
          null
        ]
      },
      "/Users/paulleonard/mod1_repeat/3project/futbol/lib/teams.rb": {
        "lines": [
          1,
          1,
          null,
          1,
          1,
          null,
          null,
          null,
          null,
          null,
          null,
          1,
          704,
          704,
          704,
          704,
          704,
          704,
          null,
          null
        ]
      },
      "/Users/paulleonard/mod1_repeat/3project/futbol/spec/stat_tracker_spec.rb": {
        "lines": [
          1,
          null,
          null,
          1,
          null,
          null,
          null,
          null,
          1,
          1,
          1,
          1,
          1,
          null,
          null,
          1,
          null,
          null,
          null,
          1,
          null,
          null,
          1,
          1,
          null,
          null,
          null,
          null,
          null,
          null,
          null,
          null,
          null,
          null,
          null,
          null,
          null,
          null,
          null,
          null
        ]
      },
      "/Users/paulleonard/mod1_repeat/3project/futbol/spec/team_spec.rb": {
        "lines": [
          1,
          1,
          1,
          1,
          null,
          1,
          1,
          1,
          94,
          null,
          null,
          1,
          2,
          null,
          null,
          1,
          1,
          1,
          null,
          null,
          1,
          1,
          1,
          1,
          1,
          1,
          1,
          1,
          1,
          1,
          1,
          1,
          1,
          1,
          1,
          1,
          null,
          null
        ]
      },
      "/Users/paulleonard/mod1_repeat/3project/futbol/spec/teams_spec.rb": {
        "lines": [
          1,
          1,
          1,
          1,
          null,
          1,
          1,
          1,
          32,
          null,
          null,
          1,
          2,
          null,
          null,
          1,
          1,
          1,
          null,
          null,
          1,
          1,
          1,
          1,
          1,
          1,
          1,
          null,
          null
        ]
      }
    },
    "timestamp": 1636567380
  }
}
